{"/Users/juubii/bhoomika/GoodFood/assets/Images/about_1.jpg": {"path":"/Users/juubii/bhoomika/GoodFood/assets/Images/about_1.jpg","statementMap":{"0":{"start":{"line":1,"column":0},"end":{"line":1,"column":31}}},"fnMap":{},"branchMap":{},"s":{"0":1},"f":{},"b":{},"_coverageSchema":"1a1c01bbd47fc00a2c39e90264f33305004495a9","hash":"c59a6dde607e39a928e78462e1368621b5aaa401"}
,"/Users/juubii/bhoomika/GoodFood/assets/Images/slide_1.jpg": {"path":"/Users/juubii/bhoomika/GoodFood/assets/Images/slide_1.jpg","statementMap":{"0":{"start":{"line":1,"column":0},"end":{"line":1,"column":31}}},"fnMap":{},"branchMap":{},"s":{"0":1},"f":{},"b":{},"_coverageSchema":"1a1c01bbd47fc00a2c39e90264f33305004495a9","hash":"7f35c7197733ad2011ed1ca3739fda79f3ebd392"}
,"/Users/juubii/bhoomika/GoodFood/assets/Images/slide_10.jpg": {"path":"/Users/juubii/bhoomika/GoodFood/assets/Images/slide_10.jpg","statementMap":{"0":{"start":{"line":1,"column":0},"end":{"line":1,"column":32}}},"fnMap":{},"branchMap":{},"s":{"0":1},"f":{},"b":{},"_coverageSchema":"1a1c01bbd47fc00a2c39e90264f33305004495a9","hash":"9c8c3bd86bb7ffc40b5b353b792517b55c7d4020"}
,"/Users/juubii/bhoomika/GoodFood/assets/Images/slide_11.jpg": {"path":"/Users/juubii/bhoomika/GoodFood/assets/Images/slide_11.jpg","statementMap":{"0":{"start":{"line":1,"column":0},"end":{"line":1,"column":32}}},"fnMap":{},"branchMap":{},"s":{"0":1},"f":{},"b":{},"_coverageSchema":"1a1c01bbd47fc00a2c39e90264f33305004495a9","hash":"f37353dea2caf500d35561b89b28e554e074f17a"}
,"/Users/juubii/bhoomika/GoodFood/assets/Images/slide_12.jpg": {"path":"/Users/juubii/bhoomika/GoodFood/assets/Images/slide_12.jpg","statementMap":{"0":{"start":{"line":1,"column":0},"end":{"line":1,"column":32}}},"fnMap":{},"branchMap":{},"s":{"0":1},"f":{},"b":{},"_coverageSchema":"1a1c01bbd47fc00a2c39e90264f33305004495a9","hash":"ecc25c9136e91536883e3b74447db69c1cb908bd"}
,"/Users/juubii/bhoomika/GoodFood/assets/Images/slide_13.jpg": {"path":"/Users/juubii/bhoomika/GoodFood/assets/Images/slide_13.jpg","statementMap":{"0":{"start":{"line":1,"column":0},"end":{"line":1,"column":32}}},"fnMap":{},"branchMap":{},"s":{"0":1},"f":{},"b":{},"_coverageSchema":"1a1c01bbd47fc00a2c39e90264f33305004495a9","hash":"8de496e556925539a0c6bc9cce6ee85404114920"}
,"/Users/juubii/bhoomika/GoodFood/assets/Images/slide_2.jpg": {"path":"/Users/juubii/bhoomika/GoodFood/assets/Images/slide_2.jpg","statementMap":{"0":{"start":{"line":1,"column":0},"end":{"line":1,"column":31}}},"fnMap":{},"branchMap":{},"s":{"0":1},"f":{},"b":{},"_coverageSchema":"1a1c01bbd47fc00a2c39e90264f33305004495a9","hash":"8a3c09082264dc51c3c7bfe0de8e096013690613"}
,"/Users/juubii/bhoomika/GoodFood/assets/Images/slide_3.jpg": {"path":"/Users/juubii/bhoomika/GoodFood/assets/Images/slide_3.jpg","statementMap":{"0":{"start":{"line":1,"column":0},"end":{"line":1,"column":31}}},"fnMap":{},"branchMap":{},"s":{"0":1},"f":{},"b":{},"_coverageSchema":"1a1c01bbd47fc00a2c39e90264f33305004495a9","hash":"62508a03c62e389573fc998cf509162790f9637e"}
,"/Users/juubii/bhoomika/GoodFood/assets/Images/slide_4.jpg": {"path":"/Users/juubii/bhoomika/GoodFood/assets/Images/slide_4.jpg","statementMap":{"0":{"start":{"line":1,"column":0},"end":{"line":1,"column":31}}},"fnMap":{},"branchMap":{},"s":{"0":1},"f":{},"b":{},"_coverageSchema":"1a1c01bbd47fc00a2c39e90264f33305004495a9","hash":"549fa14141b84f684ba425bea9f7eb279ba9b021"}
,"/Users/juubii/bhoomika/GoodFood/assets/Images/slide_5.jpg": {"path":"/Users/juubii/bhoomika/GoodFood/assets/Images/slide_5.jpg","statementMap":{"0":{"start":{"line":1,"column":0},"end":{"line":1,"column":31}}},"fnMap":{},"branchMap":{},"s":{"0":1},"f":{},"b":{},"_coverageSchema":"1a1c01bbd47fc00a2c39e90264f33305004495a9","hash":"9ecf03c934a731a04d0c665173e4269e5b6b414f"}
,"/Users/juubii/bhoomika/GoodFood/assets/Images/slide_6.jpg": {"path":"/Users/juubii/bhoomika/GoodFood/assets/Images/slide_6.jpg","statementMap":{"0":{"start":{"line":1,"column":0},"end":{"line":1,"column":31}}},"fnMap":{},"branchMap":{},"s":{"0":1},"f":{},"b":{},"_coverageSchema":"1a1c01bbd47fc00a2c39e90264f33305004495a9","hash":"cf4c21b04f750ec9fdb2813c89db231d4dd7ed00"}
,"/Users/juubii/bhoomika/GoodFood/assets/Images/slide_7.jpg": {"path":"/Users/juubii/bhoomika/GoodFood/assets/Images/slide_7.jpg","statementMap":{"0":{"start":{"line":1,"column":0},"end":{"line":1,"column":31}}},"fnMap":{},"branchMap":{},"s":{"0":1},"f":{},"b":{},"_coverageSchema":"1a1c01bbd47fc00a2c39e90264f33305004495a9","hash":"a98cc91df74c02d7ef51f0471a19e604b6d96383"}
,"/Users/juubii/bhoomika/GoodFood/assets/Images/slide_8.jpg": {"path":"/Users/juubii/bhoomika/GoodFood/assets/Images/slide_8.jpg","statementMap":{"0":{"start":{"line":1,"column":0},"end":{"line":1,"column":31}}},"fnMap":{},"branchMap":{},"s":{"0":1},"f":{},"b":{},"_coverageSchema":"1a1c01bbd47fc00a2c39e90264f33305004495a9","hash":"e332c8133338e7e9d13f03a9d2c05aa499d823ff"}
,"/Users/juubii/bhoomika/GoodFood/assets/Images/slide_9.jpg": {"path":"/Users/juubii/bhoomika/GoodFood/assets/Images/slide_9.jpg","statementMap":{"0":{"start":{"line":1,"column":0},"end":{"line":1,"column":31}}},"fnMap":{},"branchMap":{},"s":{"0":1},"f":{},"b":{},"_coverageSchema":"1a1c01bbd47fc00a2c39e90264f33305004495a9","hash":"0c27aa85ccb394128f1c149bd659c52c2c8704a4"}
,"/Users/juubii/bhoomika/GoodFood/src/components/About.js": {"path":"/Users/juubii/bhoomika/GoodFood/src/components/About.js","statementMap":{"0":{"start":{"line":17,"column":14},"end":{"line":195,"column":1}},"1":{"start":{"line":18,"column":2},"end":{"line":194,"column":4}}},"fnMap":{"0":{"name":"(anonymous_0)","decl":{"start":{"line":17,"column":14},"end":{"line":17,"column":15}},"loc":{"start":{"line":17,"column":20},"end":{"line":195,"column":1}},"line":17}},"branchMap":{},"s":{"0":1,"1":1},"f":{"0":1},"b":{},"_coverageSchema":"1a1c01bbd47fc00a2c39e90264f33305004495a9","hash":"1fbf0124d57a32c33676fe347418b9c3bd597a37"}
,"/Users/juubii/bhoomika/GoodFood/src/utils/utils.js": {"path":"/Users/juubii/bhoomika/GoodFood/src/utils/utils.js","statementMap":{"0":{"start":{"line":1,"column":24},"end":{"line":13,"column":1}},"1":{"start":{"line":4,"column":2},"end":{"line":12,"column":4}},"2":{"start":{"line":5,"column":4},"end":{"line":7,"column":5}},"3":{"start":{"line":6,"column":6},"end":{"line":6,"column":30}},"4":{"start":{"line":9,"column":4},"end":{"line":11,"column":14}},"5":{"start":{"line":10,"column":6},"end":{"line":10,"column":27}},"6":{"start":{"line":15,"column":27},"end":{"line":17,"column":1}},"7":{"start":{"line":16,"column":2},"end":{"line":16,"column":60}}},"fnMap":{"0":{"name":"(anonymous_0)","decl":{"start":{"line":1,"column":24},"end":{"line":1,"column":25}},"loc":{"start":{"line":1,"column":48},"end":{"line":13,"column":1}},"line":1},"1":{"name":"(anonymous_1)","decl":{"start":{"line":4,"column":9},"end":{"line":4,"column":10}},"loc":{"start":{"line":4,"column":28},"end":{"line":12,"column":3}},"line":4},"2":{"name":"(anonymous_2)","decl":{"start":{"line":9,"column":27},"end":{"line":9,"column":28}},"loc":{"start":{"line":9,"column":33},"end":{"line":11,"column":5}},"line":9},"3":{"name":"(anonymous_3)","decl":{"start":{"line":15,"column":27},"end":{"line":15,"column":28}},"loc":{"start":{"line":15,"column":33},"end":{"line":17,"column":1}},"line":15}},"branchMap":{"0":{"loc":{"start":{"line":5,"column":4},"end":{"line":7,"column":5}},"type":"if","locations":[{"start":{"line":5,"column":4},"end":{"line":7,"column":5}},{"start":{},"end":{}}],"line":5}},"s":{"0":1,"1":2,"2":4,"3":2,"4":4,"5":2,"6":1,"7":0},"f":{"0":2,"1":4,"2":2,"3":0},"b":{"0":[2,2]},"_coverageSchema":"1a1c01bbd47fc00a2c39e90264f33305004495a9","hash":"53937bb8640e91dab698c5e4586a852b404a7f59"}
}
